<?xml version="1.0" encoding="UTF-8"?>
<testng-results skipped="0" failed="1" ignored="2" total="3" passed="0">
  <reporter-output>
  </reporter-output>
  <suite name="Default suite" duration-ms="53332" started-at="2020-11-29T15:52:02 BRT" finished-at="2020-11-29T15:52:55 BRT">
    <groups>
    </groups>
    <test name="Default test" duration-ms="53332" started-at="2020-11-29T15:52:02 BRT" finished-at="2020-11-29T15:52:55 BRT">
      <class name="br.ce.wcaquino.appium.test.SeuBarrigaNativoTest">
        <test-method status="PASS" signature="deveRealizarLogin()[pri:0, instance:br.ce.wcaquino.appium.test.SeuBarrigaNativoTest@ea1a8d5]" name="deveRealizarLogin" is-config="true" duration-ms="28229" started-at="2020-11-29T15:52:02 BRT" finished-at="2020-11-29T15:52:30 BRT">
          <reporter-output>
          </reporter-output>
        </test-method> <!-- deveRealizarLogin -->
        <test-method status="FAIL" signature="validarInclusaoMovimentacao()[pri:0, instance:br.ce.wcaquino.appium.test.SeuBarrigaNativoTest@ea1a8d5]" name="validarInclusaoMovimentacao" duration-ms="18884" started-at="2020-11-29T15:52:30 BRT" finished-at="2020-11-29T15:52:49 BRT">
          <exception class="java.lang.AssertionError">
            <message>
              <![CDATA[expected [true] but found [false]]]>
            </message>
            <full-stacktrace>
              <![CDATA[java.lang.AssertionError: expected [true] but found [false]
at org.testng.Assert.fail(Assert.java:97)
at org.testng.Assert.failNotEquals(Assert.java:969)
at org.testng.Assert.assertTrue(Assert.java:43)
at org.testng.Assert.assertTrue(Assert.java:53)
at br.ce.wcaquino.appium.test.SeuBarrigaNativoTest.validarInclusaoMovimentacao(SeuBarrigaNativoTest.java:91)
at sun.reflect.NativeMethodAccessorImpl.invoke0(Native Method)
at sun.reflect.NativeMethodAccessorImpl.invoke(NativeMethodAccessorImpl.java:62)
at sun.reflect.DelegatingMethodAccessorImpl.invoke(DelegatingMethodAccessorImpl.java:43)
at java.lang.reflect.Method.invoke(Method.java:498)
at org.testng.internal.MethodInvocationHelper.invokeMethod(MethodInvocationHelper.java:134)
at org.testng.internal.TestInvoker.invokeMethod(TestInvoker.java:597)
at org.testng.internal.TestInvoker.invokeTestMethod(TestInvoker.java:173)
at org.testng.internal.MethodRunner.runInSequence(MethodRunner.java:46)
at org.testng.internal.TestInvoker$MethodInvocationAgent.invoke(TestInvoker.java:816)
at org.testng.internal.TestInvoker.invokeTestMethods(TestInvoker.java:146)
at org.testng.internal.TestMethodWorker.invokeTestMethods(TestMethodWorker.java:146)
at org.testng.internal.TestMethodWorker.run(TestMethodWorker.java:128)
at java.util.ArrayList.forEach(ArrayList.java:1259)
at org.testng.TestRunner.privateRun(TestRunner.java:766)
at org.testng.TestRunner.run(TestRunner.java:587)
at org.testng.SuiteRunner.runTest(SuiteRunner.java:384)
at org.testng.SuiteRunner.runSequentially(SuiteRunner.java:378)
at org.testng.SuiteRunner.privateRun(SuiteRunner.java:337)
at org.testng.SuiteRunner.run(SuiteRunner.java:286)
at org.testng.SuiteRunnerWorker.runSuite(SuiteRunnerWorker.java:53)
at org.testng.SuiteRunnerWorker.run(SuiteRunnerWorker.java:96)
at org.testng.TestNG.runSuitesSequentially(TestNG.java:1187)
at org.testng.TestNG.runSuitesLocally(TestNG.java:1109)
at org.testng.TestNG.runSuites(TestNG.java:1039)
at org.testng.TestNG.run(TestNG.java:1007)
at org.testng.remote.AbstractRemoteTestNG.run(AbstractRemoteTestNG.java:115)
at org.testng.remote.RemoteTestNG.initAndRun(RemoteTestNG.java:251)
at org.testng.remote.RemoteTestNG.main(RemoteTestNG.java:77)
]]>
            </full-stacktrace>
          </exception> <!-- java.lang.AssertionError -->
          <reporter-output>
          </reporter-output>
        </test-method> <!-- validarInclusaoMovimentacao -->
        <test-method status="PASS" signature="tearDown()[pri:0, instance:br.ce.wcaquino.appium.test.SeuBarrigaNativoTest@ea1a8d5]" name="tearDown" is-config="true" duration-ms="5323" started-at="2020-11-29T15:52:49 BRT" finished-at="2020-11-29T15:52:54 BRT">
          <reporter-output>
          </reporter-output>
        </test-method> <!-- tearDown -->
        <test-method status="PASS" signature="finalizaClasse()[pri:0, instance:br.ce.wcaquino.appium.test.SeuBarrigaNativoTest@ea1a8d5]" name="finalizaClasse" is-config="true" duration-ms="873" started-at="2020-11-29T15:52:54 BRT" finished-at="2020-11-29T15:52:55 BRT">
          <reporter-output>
          </reporter-output>
        </test-method> <!-- finalizaClasse -->
      </class> <!-- br.ce.wcaquino.appium.test.SeuBarrigaNativoTest -->
    </test> <!-- Default test -->
  </suite> <!-- Default suite -->
</testng-results>
